<?xml version="1.0" encoding="UTF-8"?>
<testsuites name="jest tests" tests="1" failures="0" errors="0" time="6.613">
  <testsuite name="App intro theme toggle" errors="0" failures="0" skipped="0" timestamp="2026-04-16T13:41:13" time="3.398" tests="1">
    <testcase classname="App intro theme toggle shows dark mode toggle on intro and switches document theme" name="App intro theme toggle shows dark mode toggle on intro and switches document theme" time="0.267">
    </testcase>
  </testsuite>
</testsuites>